Script started on Thu 01 Aug 2019 07:03:30 AM UTC
shuki_goto@tabular2:~/CHAMPS/CHAMPS$ python bin/train_models.py 4th_try
Load Train data
Load Test data
Encoding label features...
Training of type 1JHC
Fold 1 started at Thu Aug  1 07:10:57 2019
[LightGBM] [Warning] feature_fraction is set=0.6, colsample_bytree=1.0 will be ignored. Current value: feature_fraction=0.6
[LightGBM] [Warning] lambda_l2 is set=0.2, reg_lambda=0.0 will be ignored. Current value: lambda_l2=0.2
[LightGBM] [Warning] lambda_l1 is set=0.8, reg_alpha=0.0 will be ignored. Current value: lambda_l1=0.8
Training until validation scores don't improve for 200 rounds.
[500]	training's l1: 2.05567	valid_1's l1: 2.10599
[1000]	training's l1: 1.20046	valid_1's l1: 1.26807
[1500]	training's l1: 0.953442	valid_1's l1: 1.08369
[2000]	training's l1: 0.802968	valid_1's l1: 0.991052
[2500]	training's l1: 0.692026	valid_1's l1: 0.931231
[3000]	training's l1: 0.605892	valid_1's l1: 0.890233
[3500]	training's l1: 0.533769	valid_1's l1: 0.85966
[4000]	training's l1: 0.474274	valid_1's l1: 0.837479
[4500]	training's l1: 0.423121	valid_1's l1: 0.819698
[5000]	training's l1: 0.378054	valid_1's l1: 0.805584
[5500]	training's l1: 0.339533	valid_1's l1: 0.794611
[6000]	training's l1: 0.305312	valid_1's l1: 0.785667
[6500]	training's l1: 0.27554	valid_1's l1: 0.778314
[7000]	training's l1: 0.248514	valid_1's l1: 0.772117
Did not meet early stopping. Best iteration is:
[7000]	training's l1: 0.248514	valid_1's l1: 0.772117
Fold 2 started at Thu Aug  1 07:24:45 2019
[LightGBM] [Warning] feature_fraction is set=0.6, colsample_bytree=1.0 will be ignored. Current value: feature_fraction=0.6
[LightGBM] [Warning] lambda_l2 is set=0.2, reg_lambda=0.0 will be ignored. Current value: lambda_l2=0.2
[LightGBM] [Warning] lambda_l1 is set=0.8, reg_alpha=0.0 will be ignored. Current value: lambda_l1=0.8
Training until validation scores don't improve for 200 rounds.
[500]	training's l1: 2.05418	valid_1's l1: 2.08573
[1000]	training's l1: 1.1847	valid_1's l1: 1.2633
[1500]	training's l1: 0.945042	valid_1's l1: 1.08648
[2000]	training's l1: 0.796804	valid_1's l1: 0.994344
[2500]	training's l1: 0.688078	valid_1's l1: 0.935641
[3000]	training's l1: 0.603293	valid_1's l1: 0.896307
[3500]	training's l1: 0.533493	valid_1's l1: 0.866819
[4000]	training's l1: 0.473543	valid_1's l1: 0.843646
[4500]	training's l1: 0.422872	valid_1's l1: 0.826631
[5000]	training's l1: 0.377827	valid_1's l1: 0.812153
[5500]	training's l1: 0.339092	valid_1's l1: 0.800773
[6000]	training's l1: 0.305343	valid_1's l1: 0.791766
[6500]	training's l1: 0.275462	valid_1's l1: 0.784323
[7000]	training's l1: 0.248511	valid_1's l1: 0.777687
Did not meet early stopping. Best iteration is:
[7000]	training's l1: 0.248511	valid_1's l1: 0.777687
Fold 3 started at Thu Aug  1 07:36:14 2019
[LightGBM] [Warning] feature_fraction is set=0.6, colsample_bytree=1.0 will be ignored. Current value: feature_fraction=0.6
[LightGBM] [Warning] lambda_l2 is set=0.2, reg_lambda=0.0 will be ignored. Current value: lambda_l2=0.2
[LightGBM] [Warning] lambda_l1 is set=0.8, reg_alpha=0.0 will be ignored. Current value: lambda_l1=0.8
Training until validation scores don't improve for 200 rounds.
[500]	training's l1: 2.05374	valid_1's l1: 2.11195
[1000]	training's l1: 1.18729	valid_1's l1: 1.26556
[1500]	training's l1: 0.951731	valid_1's l1: 1.09144
[2000]	training's l1: 0.7996	valid_1's l1: 0.996849
[2500]	training's l1: 0.688758	valid_1's l1: 0.937032
[3000]	training's l1: 0.603371	valid_1's l1: 0.896099
[3500]	training's l1: 0.532937	valid_1's l1: 0.866776
[4000]	training's l1: 0.472141	valid_1's l1: 0.842979
[4500]	training's l1: 0.421198	valid_1's l1: 0.82559
[5000]	training's l1: 0.377492	valid_1's l1: 0.812004
[5500]	training's l1: 0.338886	valid_1's l1: 0.800858
[6000]	training's l1: 0.305153	valid_1's l1: 0.791403
[6500]	training's l1: 0.27511	valid_1's l1: 0.784012
[7000]	training's l1: 0.248846	valid_1's l1: 0.777735
Did not meet early stopping. Best iteration is:
[7000]	training's l1: 0.248846	valid_1's l1: 0.777735
CV mean score: -0.2538, std: 0.0034.
Training of type 2JHH
Fold 1 started at Thu Aug  1 07:47:40 2019
[LightGBM] [Warning] feature_fraction is set=0.6, colsample_bytree=1.0 will be ignored. Current value: feature_fraction=0.6
[LightGBM] [Warning] lambda_l2 is set=0.2, reg_lambda=0.0 will be ignored. Current value: lambda_l2=0.2
[LightGBM] [Warning] lambda_l1 is set=0.8, reg_alpha=0.0 will be ignored. Current value: lambda_l1=0.8
Training until validation scores don't improve for 200 rounds.
[500]	training's l1: 0.204998	valid_1's l1: 0.232425
[1000]	training's l1: 0.150982	valid_1's l1: 0.19876
[1500]	training's l1: 0.121603	valid_1's l1: 0.185291
[2000]	training's l1: 0.102063	valid_1's l1: 0.177845
[2500]	training's l1: 0.0877926	valid_1's l1: 0.173481
Did not meet early stopping. Best iteration is:
[2500]	training's l1: 0.0877926	valid_1's l1: 0.173481
Fold 2 started at Thu Aug  1 07:49:49 2019
[LightGBM] [Warning] feature_fraction is set=0.6, colsample_bytree=1.0 will be ignored. Current value: feature_fraction=0.6
[LightGBM] [Warning] lambda_l2 is set=0.2, reg_lambda=0.0 will be ignored. Current value: lambda_l2=0.2
[LightGBM] [Warning] lambda_l1 is set=0.8, reg_alpha=0.0 will be ignored. Current value: lambda_l1=0.8
Training until validation scores don't improve for 200 rounds.
[500]	training's l1: 0.203865	valid_1's l1: 0.232732
[1000]	training's l1: 0.149794	valid_1's l1: 0.197848
[1500]	training's l1: 0.121354	valid_1's l1: 0.18476
[2000]	training's l1: 0.101951	valid_1's l1: 0.177864
[2500]	training's l1: 0.0872289	valid_1's l1: 0.173517
Did not meet early stopping. Best iteration is:
[2500]	training's l1: 0.0872289	valid_1's l1: 0.173517
Fold 3 started at Thu Aug  1 07:51:55 2019
[LightGBM] [Warning] feature_fraction is set=0.6, colsample_bytree=1.0 will be ignored. Current value: feature_fraction=0.6
[LightGBM] [Warning] lambda_l2 is set=0.2, reg_lambda=0.0 will be ignored. Current value: lambda_l2=0.2
[LightGBM] [Warning] lambda_l1 is set=0.8, reg_alpha=0.0 will be ignored. Current value: lambda_l1=0.8
Training until validation scores don't improve for 200 rounds.
[500]	training's l1: 0.206674	valid_1's l1: 0.234588
[1000]	training's l1: 0.151326	valid_1's l1: 0.199191
[1500]	training's l1: 0.122277	valid_1's l1: 0.185515
[2000]	training's l1: 0.102842	valid_1's l1: 0.178619
[2500]	training's l1: 0.0879904	valid_1's l1: 0.174112
Did not meet early stopping. Best iteration is:
[2500]	training's l1: 0.0879904	valid_1's l1: 0.174112
CV mean score: -1.7504, std: 0.0017.
Training of type 1JHN
Fold 1 started at Thu Aug  1 07:54:06 2019
[LightGBM] [Warning] feature_fraction is set=0.6, colsample_bytree=1.0 will be ignored. Current value: feature_fraction=0.6
[LightGBM] [Warning] lambda_l2 is set=0.2, reg_lambda=0.0 will be ignored. Current value: lambda_l2=0.2
[LightGBM] [Warning] lambda_l1 is set=0.8, reg_alpha=0.0 will be ignored. Current value: lambda_l1=0.8
Training until validation scores don't improve for 200 rounds.
[500]	training's l1: 0.398129	valid_1's l1: 0.539249
[1000]	training's l1: 0.228631	valid_1's l1: 0.463016
[1500]	training's l1: 0.148842	valid_1's l1: 0.442592
[2000]	training's l1: 0.101625	valid_1's l1: 0.434271
[2500]	training's l1: 0.0713584	valid_1's l1: 0.430172
Did not meet early stopping. Best iteration is:
[2500]	training's l1: 0.0713584	valid_1's l1: 0.430172
Fold 2 started at Thu Aug  1 07:54:29 2019
[LightGBM] [Warning] feature_fraction is set=0.6, colsample_bytree=1.0 will be ignored. Current value: feature_fraction=0.6
[LightGBM] [Warning] lambda_l2 is set=0.2, reg_lambda=0.0 will be ignored. Current value: lambda_l2=0.2
[LightGBM] [Warning] lambda_l1 is set=0.8, reg_alpha=0.0 will be ignored. Current value: lambda_l1=0.8
Training until validation scores don't improve for 200 rounds.
[500]	training's l1: 0.404623	valid_1's l1: 0.53218
[1000]	training's l1: 0.235346	valid_1's l1: 0.456821
[1500]	training's l1: 0.15121	valid_1's l1: 0.4354
[2000]	training's l1: 0.101257	valid_1's l1: 0.426825
[2500]	training's l1: 0.0709995	valid_1's l1: 0.422507
Did not meet early stopping. Best iteration is:
[2500]	training's l1: 0.0709995	valid_1's l1: 0.422507
Fold 3 started at Thu Aug  1 07:54:53 2019
[LightGBM] [Warning] feature_fraction is set=0.6, colsample_bytree=1.0 will be ignored. Current value: feature_fraction=0.6
[LightGBM] [Warning] lambda_l2 is set=0.2, reg_lambda=0.0 will be ignored. Current value: lambda_l2=0.2
[LightGBM] [Warning] lambda_l1 is set=0.8, reg_alpha=0.0 will be ignored. Current value: lambda_l1=0.8
Training until validation scores don't improve for 200 rounds.
[500]	training's l1: 0.403368	valid_1's l1: 0.542834
[1000]	training's l1: 0.233783	valid_1's l1: 0.462681
[1500]	training's l1: 0.149347	valid_1's l1: 0.439083
[2000]	training's l1: 0.101331	valid_1's l1: 0.430376
[2500]	training's l1: 0.071662	valid_1's l1: 0.42662
Did not meet early stopping. Best iteration is:
[2500]	training's l1: 0.071662	valid_1's l1: 0.42662
CV mean score: -0.8523, std: 0.0073.
Training of type 2JHN
Fold 1 started at Thu Aug  1 07:55:20 2019
[LightGBM] [Warning] feature_fraction is set=0.6, colsample_bytree=1.0 will be ignored. Current value: feature_fraction=0.6
[LightGBM] [Warning] lambda_l2 is set=0.2, reg_lambda=0.0 will be ignored. Current value: lambda_l2=0.2
[LightGBM] [Warning] lambda_l1 is set=0.8, reg_alpha=0.0 will be ignored. Current value: lambda_l1=0.8
Training until validation scores don't improve for 200 rounds.
[500]	training's l1: 0.278641	valid_1's l1: 0.331542
[1000]	training's l1: 0.199107	valid_1's l1: 0.285367
[1500]	training's l1: 0.155665	valid_1's l1: 0.267934
[2000]	training's l1: 0.126248	valid_1's l1: 0.259671
[2500]	training's l1: 0.104383	valid_1's l1: 0.254493
Did not meet early stopping. Best iteration is:
[2500]	training's l1: 0.104383	valid_1's l1: 0.254493
Fold 2 started at Thu Aug  1 07:56:02 2019
[LightGBM] [Warning] feature_fraction is set=0.6, colsample_bytree=1.0 will be ignored. Current value: feature_fraction=0.6
[LightGBM] [Warning] lambda_l2 is set=0.2, reg_lambda=0.0 will be ignored. Current value: lambda_l2=0.2
[LightGBM] [Warning] lambda_l1 is set=0.8, reg_alpha=0.0 will be ignored. Current value: lambda_l1=0.8
Training until validation scores don't improve for 200 rounds.
[500]	training's l1: 0.281057	valid_1's l1: 0.332764
[1000]	training's l1: 0.200034	valid_1's l1: 0.285734
[1500]	training's l1: 0.15676	valid_1's l1: 0.268706
[2000]	training's l1: 0.126604	valid_1's l1: 0.259464
[2500]	training's l1: 0.104671	valid_1's l1: 0.255012
Did not meet early stopping. Best iteration is:
[2500]	training's l1: 0.104671	valid_1's l1: 0.255012
Fold 3 started at Thu Aug  1 07:56:44 2019
[LightGBM] [Warning] feature_fraction is set=0.6, colsample_bytree=1.0 will be ignored. Current value: feature_fraction=0.6
[LightGBM] [Warning] lambda_l2 is set=0.2, reg_lambda=0.0 will be ignored. Current value: lambda_l2=0.2
[LightGBM] [Warning] lambda_l1 is set=0.8, reg_alpha=0.0 will be ignored. Current value: lambda_l1=0.8
Training until validation scores don't improve for 200 rounds.
[500]	training's l1: 0.28095	valid_1's l1: 0.332834
[1000]	training's l1: 0.199154	valid_1's l1: 0.28621
[1500]	training's l1: 0.15601	valid_1's l1: 0.269128
[2000]	training's l1: 0.12603	valid_1's l1: 0.260085
[2500]	training's l1: 0.104173	valid_1's l1: 0.25521
Did not meet early stopping. Best iteration is:
[2500]	training's l1: 0.104173	valid_1's l1: 0.25521
CV mean score: -1.3669, std: 0.0012.
Training of type 2JHC
Fold 1 started at Thu Aug  1 07:57:38 2019
[LightGBM] [Warning] feature_fraction is set=0.6, colsample_bytree=1.0 will be ignored. Current value: feature_fraction=0.6
[LightGBM] [Warning] lambda_l2 is set=0.2, reg_lambda=0.0 will be ignored. Current value: lambda_l2=0.2
[LightGBM] [Warning] lambda_l1 is set=0.8, reg_alpha=0.0 will be ignored. Current value: lambda_l1=0.8
Training until validation scores don't improve for 200 rounds.
[500]	training's l1: 0.599383	valid_1's l1: 0.62276
[1000]	training's l1: 0.44486	valid_1's l1: 0.496122
[1500]	training's l1: 0.37195	valid_1's l1: 0.447278
[2000]	training's l1: 0.323577	valid_1's l1: 0.420451
[2500]	training's l1: 0.286676	valid_1's l1: 0.402527
[3000]	training's l1: 0.256766	valid_1's l1: 0.389864
[3500]	training's l1: 0.232038	valid_1's l1: 0.38076
[4000]	training's l1: 0.211108	valid_1's l1: 0.373995
[4500]	training's l1: 0.192608	valid_1's l1: 0.36849
[5000]	training's l1: 0.176344	valid_1's l1: 0.36421
Did not meet early stopping. Best iteration is:
[5000]	training's l1: 0.176344	valid_1's l1: 0.36421
Fold 2 started at Thu Aug  1 08:10:17 2019
[LightGBM] [Warning] feature_fraction is set=0.6, colsample_bytree=1.0 will be ignored. Current value: feature_fraction=0.6
[LightGBM] [Warning] lambda_l2 is set=0.2, reg_lambda=0.0 will be ignored. Current value: lambda_l2=0.2
[LightGBM] [Warning] lambda_l1 is set=0.8, reg_alpha=0.0 will be ignored. Current value: lambda_l1=0.8
Training until validation scores don't improve for 200 rounds.
[500]	training's l1: 0.593843	valid_1's l1: 0.618004
[1000]	training's l1: 0.442284	valid_1's l1: 0.494564
[1500]	training's l1: 0.370404	valid_1's l1: 0.446845
[2000]	training's l1: 0.322201	valid_1's l1: 0.420009
[2500]	training's l1: 0.284963	valid_1's l1: 0.401921
[3000]	training's l1: 0.256028	valid_1's l1: 0.39017
[3500]	training's l1: 0.231726	valid_1's l1: 0.38156
[4000]	training's l1: 0.210306	valid_1's l1: 0.374326
[4500]	training's l1: 0.19208	valid_1's l1: 0.369004
[5000]	training's l1: 0.176158	valid_1's l1: 0.364663
Did not meet early stopping. Best iteration is:
[5000]	training's l1: 0.176158	valid_1's l1: 0.364663
Fold 3 started at Thu Aug  1 08:23:25 2019
[LightGBM] [Warning] feature_fraction is set=0.6, colsample_bytree=1.0 will be ignored. Current value: feature_fraction=0.6
[LightGBM] [Warning] lambda_l2 is set=0.2, reg_lambda=0.0 will be ignored. Current value: lambda_l2=0.2
[LightGBM] [Warning] lambda_l1 is set=0.8, reg_alpha=0.0 will be ignored. Current value: lambda_l1=0.8
Training until validation scores don't improve for 200 rounds.
[500]	training's l1: 0.593266	valid_1's l1: 0.615713
[1000]	training's l1: 0.44419	valid_1's l1: 0.495128
[1500]	training's l1: 0.373151	valid_1's l1: 0.448032
[2000]	training's l1: 0.325595	valid_1's l1: 0.422439
[2500]	training's l1: 0.288541	valid_1's l1: 0.404233
[3000]	training's l1: 0.257993	valid_1's l1: 0.390593
[3500]	training's l1: 0.233259	valid_1's l1: 0.381089
[4000]	training's l1: 0.212257	valid_1's l1: 0.374227
[4500]	training's l1: 0.193702	valid_1's l1: 0.368459
[5000]	training's l1: 0.177357	valid_1's l1: 0.364078
Did not meet early stopping. Best iteration is:
[5000]	training's l1: 0.177357	valid_1's l1: 0.364078
CV mean score: -1.0097, std: 0.0007.
Training of type 3JHH
Fold 1 started at Thu Aug  1 08:36:33 2019
[LightGBM] [Warning] feature_fraction is set=0.6, colsample_bytree=1.0 will be ignored. Current value: feature_fraction=0.6
[LightGBM] [Warning] lambda_l2 is set=0.2, reg_lambda=0.0 will be ignored. Current value: lambda_l2=0.2
[LightGBM] [Warning] lambda_l1 is set=0.8, reg_alpha=0.0 will be ignored. Current value: lambda_l1=0.8
Training until validation scores don't improve for 200 rounds.
[500]	training's l1: 0.232231	valid_1's l1: 0.267977
[1000]	training's l1: 0.173234	valid_1's l1: 0.23565
[1500]	training's l1: 0.138789	valid_1's l1: 0.222423
[2000]	training's l1: 0.114579	valid_1's l1: 0.215198
[2500]	training's l1: 0.0964888	valid_1's l1: 0.210614
[3000]	training's l1: 0.082099	valid_1's l1: 0.207608
[3500]	training's l1: 0.0703096	valid_1's l1: 0.205372
Did not meet early stopping. Best iteration is:
[3500]	training's l1: 0.0703096	valid_1's l1: 0.205372
Fold 2 started at Thu Aug  1 08:42:04 2019
[LightGBM] [Warning] feature_fraction is set=0.6, colsample_bytree=1.0 will be ignored. Current value: feature_fraction=0.6
[LightGBM] [Warning] lambda_l2 is set=0.2, reg_lambda=0.0 will be ignored. Current value: lambda_l2=0.2
[LightGBM] [Warning] lambda_l1 is set=0.8, reg_alpha=0.0 will be ignored. Current value: lambda_l1=0.8
Training until validation scores don't improve for 200 rounds.
[500]	training's l1: 0.233184	valid_1's l1: 0.272027
[1000]	training's l1: 0.173567	valid_1's l1: 0.238859
[1500]	training's l1: 0.139075	valid_1's l1: 0.225089
[2000]	training's l1: 0.114902	valid_1's l1: 0.2176
[2500]	training's l1: 0.096641	valid_1's l1: 0.212955
[3000]	training's l1: 0.0821732	valid_1's l1: 0.209888
[3500]	training's l1: 0.0703427	valid_1's l1: 0.207598
Did not meet early stopping. Best iteration is:
[3500]	training's l1: 0.0703427	valid_1's l1: 0.207598
Fold 3 started at Thu Aug  1 08:47:27 2019
[LightGBM] [Warning] feature_fraction is set=0.6, colsample_bytree=1.0 will be ignored. Current value: feature_fraction=0.6
[LightGBM] [Warning] lambda_l2 is set=0.2, reg_lambda=0.0 will be ignored. Current value: lambda_l2=0.2
[LightGBM] [Warning] lambda_l1 is set=0.8, reg_alpha=0.0 will be ignored. Current value: lambda_l1=0.8
Training until validation scores don't improve for 200 rounds.
[500]	training's l1: 0.230862	valid_1's l1: 0.267621
[1000]	training's l1: 0.17274	valid_1's l1: 0.235953
[1500]	training's l1: 0.138642	valid_1's l1: 0.222613
[2000]	training's l1: 0.115002	valid_1's l1: 0.215669
[2500]	training's l1: 0.0965794	valid_1's l1: 0.211211
[3000]	training's l1: 0.0818808	valid_1's l1: 0.208017
[3500]	training's l1: 0.07021	valid_1's l1: 0.205718
Did not meet early stopping. Best iteration is:
[3500]	training's l1: 0.07021	valid_1's l1: 0.205718
CV mean score: -1.5788, std: 0.0047.
Training of type 3JHC
Fold 1 started at Thu Aug  1 08:53:29 2019
[LightGBM] [Warning] feature_fraction is set=0.6, colsample_bytree=1.0 will be ignored. Current value: feature_fraction=0.6
[LightGBM] [Warning] lambda_l2 is set=0.2, reg_lambda=0.0 will be ignored. Current value: lambda_l2=0.2
[LightGBM] [Warning] lambda_l1 is set=0.8, reg_alpha=0.0 will be ignored. Current value: lambda_l1=0.8
Training until validation scores don't improve for 200 rounds.
[500]	training's l1: 0.547127	valid_1's l1: 0.575374
[1000]	training's l1: 0.448906	valid_1's l1: 0.500424
[1500]	training's l1: 0.390508	valid_1's l1: 0.462242
[2000]	training's l1: 0.349603	valid_1's l1: 0.43953
[2500]	training's l1: 0.316735	valid_1's l1: 0.423523
[3000]	training's l1: 0.290026	valid_1's l1: 0.412221
Did not meet early stopping. Best iteration is:
[3000]	training's l1: 0.290026	valid_1's l1: 0.412221
Fold 2 started at Thu Aug  1 09:04:39 2019
[LightGBM] [Warning] feature_fraction is set=0.6, colsample_bytree=1.0 will be ignored. Current value: feature_fraction=0.6
[LightGBM] [Warning] lambda_l2 is set=0.2, reg_lambda=0.0 will be ignored. Current value: lambda_l2=0.2
[LightGBM] [Warning] lambda_l1 is set=0.8, reg_alpha=0.0 will be ignored. Current value: lambda_l1=0.8
Training until validation scores don't improve for 200 rounds.
[500]	training's l1: 0.545406	valid_1's l1: 0.572524
[1000]	training's l1: 0.448689	valid_1's l1: 0.498797
[1500]	training's l1: 0.391938	valid_1's l1: 0.462027
[2000]	training's l1: 0.350026	valid_1's l1: 0.438494
[2500]	training's l1: 0.317064	valid_1's l1: 0.422202
[3000]	training's l1: 0.290328	valid_1's l1: 0.41075
Did not meet early stopping. Best iteration is:
[3000]	training's l1: 0.290328	valid_1's l1: 0.41075
Fold 3 started at Thu Aug  1 09:15:49 2019
[LightGBM] [Warning] feature_fraction is set=0.6, colsample_bytree=1.0 will be ignored. Current value: feature_fraction=0.6
[LightGBM] [Warning] lambda_l2 is set=0.2, reg_lambda=0.0 will be ignored. Current value: lambda_l2=0.2
[LightGBM] [Warning] lambda_l1 is set=0.8, reg_alpha=0.0 will be ignored. Current value: lambda_l1=0.8
Training until validation scores don't improve for 200 rounds.
[500]	training's l1: 0.547228	valid_1's l1: 0.574198
[1000]	training's l1: 0.45129	valid_1's l1: 0.501463
[1500]	training's l1: 0.393413	valid_1's l1: 0.463863
[2000]	training's l1: 0.351988	valid_1's l1: 0.440646
[2500]	training's l1: 0.319326	valid_1's l1: 0.424897
[3000]	training's l1: 0.291126	valid_1's l1: 0.411826
Did not meet early stopping