Script started on Sat 03 Aug 2019 04:13:45 AM UTC
shuki_goto@tabular2:~/CHAMPS/CHAMPS$ python bin/train_modeels.py 6th_try
Load Train data
Load Test data
Encoding label features...
Training of type 1JHC
Fold 1 started at Sat Aug  3 04:15:44 2019
[LightGBM] [Warning] feature_fraction is set=0.6, colsample_bytree=1.0 will be ignored. Current value: feature_fraction=0.6
[LightGBM] [Warning] lambda_l2 is set=0.2, reg_lambda=0.0 will be ignored. Current value: lambda_l2=0.2
[LightGBM] [Warning] lambda_l1 is set=0.8, reg_alpha=0.0 will be ignored. Current value: lambda_l1=0.8
Training until validation scores don't improve for 200 rounds.
[500]	training's l1: 1.682	valid_1's l1: 1.80542
[1000]	training's l1: 0.814926	valid_1's l1: 1.00406
[1500]	training's l1: 0.547259	valid_1's l1: 0.873906
[2000]	training's l1: 0.393116	valid_1's l1: 0.819276
[2500]	training's l1: 0.286958	valid_1's l1: 0.78892
[3000]	training's l1: 0.213885	valid_1's l1: 0.772021
[3500]	training's l1: 0.160559	valid_1's l1: 0.761638
[4000]	training's l1: 0.12165	valid_1's l1: 0.755378
[4500]	training's l1: 0.0931538	valid_1's l1: 0.751231
[5000]	training's l1: 0.071795	valid_1's l1: 0.748581
[5500]	training's l1: 0.0552386	valid_1's l1: 0.746841
[6000]	training's l1: 0.0432799	valid_1's l1: 0.745735
[6500]	training's l1: 0.0342126	valid_1's l1: 0.744965
[7000]	training's l1: 0.0272355	valid_1's l1: 0.744392
Did not meet early stopping. Best iteration is:
[7000]	training's l1: 0.0272355	valid_1's l1: 0.744392
Fold 2 started at Sat Aug  3 04:36:36 2019
[LightGBM] [Warning] feature_fraction is set=0.6, colsample_bytree=1.0 will be ignored. Current value: feature_fraction=0.6
[LightGBM] [Warning] lambda_l2 is set=0.2, reg_lambda=0.0 will be ignored. Current value: lambda_l2=0.2
[LightGBM] [Warning] lambda_l1 is set=0.8, reg_alpha=0.0 will be ignored. Current value: lambda_l1=0.8
Training until validation scores don't improve for 200 rounds.
[500]	training's l1: 1.69405	valid_1's l1: 1.79671
[1000]	training's l1: 0.807863	valid_1's l1: 1.00481
[1500]	training's l1: 0.549281	valid_1's l1: 0.881342
[2000]	training's l1: 0.392871	valid_1's l1: 0.824264
[2500]	training's l1: 0.286761	valid_1's l1: 0.794531
[3000]	training's l1: 0.212497	valid_1's l1: 0.776606
[3500]	training's l1: 0.159571	valid_1's l1: 0.766191
[4000]	training's l1: 0.12055	valid_1's l1: 0.759667
[4500]	training's l1: 0.0917035	valid_1's l1: 0.755553
[5000]	training's l1: 0.0702401	valid_1's l1: 0.752928
[5500]	training's l1: 0.0541398	valid_1's l1: 0.751123
[6000]	training's l1: 0.0424967	valid_1's l1: 0.749977
[6500]	training's l1: 0.0335405	valid_1's l1: 0.749165
[7000]	training's l1: 0.0265942	valid_1's l1: 0.748667
Did not meet early stopping. Best iteration is:
[7000]	training's l1: 0.0265942	valid_1's l1: 0.748667
Fold 3 started at Sat Aug  3 04:57:10 2019
[LightGBM] [Warning] feature_fraction is set=0.6, colsample_bytree=1.0 will be ignored. Current value: feature_fraction=0.6
[LightGBM] [Warning] lambda_l2 is set=0.2, reg_lambda=0.0 will be ignored. Current value: lambda_l2=0.2
[LightGBM] [Warning] lambda_l1 is set=0.8, reg_alpha=0.0 will be ignored. Current value: lambda_l1=0.8
Training until validation scores don't improve for 200 rounds.
[500]	training's l1: 1.69058	valid_1's l1: 1.81894
[1000]	training's l1: 0.840249	valid_1's l1: 1.02614
[1500]	training's l1: 0.557209	valid_1's l1: 0.884285
[2000]	training's l1: 0.395571	valid_1's l1: 0.825127
[2500]	training's l1: 0.288847	valid_1's l1: 0.794163
[3000]	training's l1: 0.214484	valid_1's l1: 0.776909
[3500]	training's l1: 0.161131	valid_1's l1: 0.766557
[4000]	training's l1: 0.121833	valid_1's l1: 0.760149
[4500]	training's l1: 0.0927094	valid_1's l1: 0.755866
[5000]	training's l1: 0.071539	valid_1's l1: 0.753248
[5500]	training's l1: 0.0556669	valid_1's l1: 0.751345
[6000]	training's l1: 0.0435589	valid_1's l1: 0.750154
[6500]	training's l1: 0.0344066	valid_1's l1: 0.749347
[7000]	training's l1: 0.02753	valid_1's l1: 0.748804
Did not meet early stopping. Best iteration is:
[7000]	training's l1: 0.02753	valid_1's l1: 0.748804
CV mean score: -0.2913, std: 0.0027.
Training of type 2JHH
Fold 1 started at Sat Aug  3 05:17:12 2019
[LightGBM] [Warning] feature_fraction is set=0.6, colsample_bytree=1.0 will be ignored. Current value: feature_fraction=0.6
[LightGBM] [Warning] lambda_l2 is set=0.2, reg_lambda=0.0 will be ignored. Current value: lambda_l2=0.2
[LightGBM] [Warning] lambda_l1 is set=0.8, reg_alpha=0.0 will be ignored. Current value: lambda_l1=0.8
Training until validation scores don't improve for 200 rounds.
[500]	training's l1: 0.165071	valid_1's l1: 0.206848
[1000]	training's l1: 0.112464	valid_1's l1: 0.181902
[1500]	training's l1: 0.0841536	valid_1's l1: 0.172766
[2000]	training's l1: 0.0655497	valid_1's l1: 0.168449
[2500]	training's l1: 0.0524109	valid_1's l1: 0.166169
[3000]	training's l1: 0.0424654	valid_1's l1: 0.164542
[3500]	training's l1: 0.0350837	valid_1's l1: 0.163611
[4000]	training's l1: 0.0293758	valid_1's l1: 0.162931
Did not meet early stopping. Best iteration is:
[4000]	training's l1: 0.0293758	valid_1's l1: 0.162931
Fold 2 started at Sat Aug  3 05:21:38 2019
[LightGBM] [Warning] feature_fraction is set=0.6, colsample_bytree=1.0 will be ignored. Current value: feature_fraction=0.6
[LightGBM] [Warning] lambda_l2 is set=0.2, reg_lambda=0.0 will be ignored. Current value: lambda_l2=0.2
[LightGBM] [Warning] lambda_l1 is set=0.8, reg_alpha=0.0 will be ignored. Current value: lambda_l1=0.8
Training until validation scores don't improve for 200 rounds.
[500]	training's l1: 0.162864	valid_1's l1: 0.207019
[1000]	training's l1: 0.11156	valid_1's l1: 0.181925
[1500]	training's l1: 0.0838729	valid_1's l1: 0.173425
[2000]	training's l1: 0.0652417	valid_1's l1: 0.169154
[2500]	training's l1: 0.051938	valid_1's l1: 0.166706
[3000]	training's l1: 0.042062	valid_1's l1: 0.165244
[3500]	training's l1: 0.0346701	valid_1's l1: 0.164242
[4000]	training's l1: 0.0290566	valid_1's l1: 0.163619
Did not meet early stopping. Best iteration is:
[4000]	training's l1: 0.0290566	valid_1's l1: 0.163619
Fold 3 started at Sat Aug  3 05:26:12 2019
[LightGBM] [Warning] feature_fraction is set=0.6, colsample_bytree=1.0 will be ignored. Current value: feature_fraction=0.6
[LightGBM] [Warning] lambda_l2 is set=0.2, reg_lambda=0.0 will be ignored. Current value: lambda_l2=0.2
[LightGBM] [Warning] lambda_l1 is set=0.8, reg_alpha=0.0 will be ignored. Current value: lambda_l1=0.8
Training until validation scores don't improve for 200 rounds.
[500]	training's l1: 0.164471	valid_1's l1: 0.206217
[1000]	training's l1: 0.112047	valid_1's l1: 0.180949
[1500]	training's l1: 0.0839857	valid_1's l1: 0.172098
[2000]	training's l1: 0.0654821	valid_1's l1: 0.167778
[2500]	training's l1: 0.052132	valid_1's l1: 0.165175
[3000]	training's l1: 0.0423444	valid_1's l1: 0.1637
[3500]	training's l1: 0.0350051	valid_1's l1: 0.162706
[4000]	training's l1: 0.0293879	valid_1's l1: 0.162054
Did not meet early stopping. Best iteration is:
[4000]	training's l1: 0.0293879	valid_1's l1: 0.162054
CV mean score: -1.8148, std: 0.0039.
Training of type 1JHN
Fold 1 started at Sat Aug  3 05:30:56 2019
[LightGBM] [Warning] feature_fraction is set=0.6, colsample_bytree=1.0 will be ignored. Current value: feature_fraction=0.6
[LightGBM] [Warning] lambda_l2 is set=0.2, reg_lambda=0.0 will be ignored. Current value: lambda_l2=0.2
[LightGBM] [Warning] lambda_l1 is set=0.8, reg_alpha=0.0 will be ignored. Current value: lambda_l1=0.8
Training until validation scores don't improve for 200 rounds.
[500]	training's l1: 0.194437	valid_1's l1: 0.45325
[1000]	training's l1: 0.0697045	valid_1's l1: 0.429253
[1500]	training's l1: 0.0275501	valid_1's l1: 0.425271
[2000]	training's l1: 0.014786	valid_1's l1: 0.424204
[2500]	training's l1: 0.0104471	valid_1's l1: 0.423871
[3000]	training's l1: 0.00838809	valid_1's l1: 0.423724
[3500]	training's l1: 0.00722428	valid_1's l1: 0.423638
[4000]	training's l1: 0.0064651	valid_1's l1: 0.423588
Did not meet early stopping. Best iteration is:
[4000]	training's l1: 0.0064651	valid_1's l1: 0.423588
Fold 2 started at Sat Aug  3 05:31:54 2019
[LightGBM] [Warning] feature_fraction is set=0.6, colsample_bytree=1.0 will be ignored. Current value: feature_fraction=0.6
[LightGBM] [Warning] lambda_l2 is set=0.2, reg_lambda=0.0 will be ignored. Current value: lambda_l2=0.2
[LightGBM] [Warning] lambda_l1 is set=0.8, reg_alpha=0.0 will be ignored. Current value: lambda_l1=0.8
Training until validation scores don't improve for 200 rounds.
[500]	training's l1: 0.198578	valid_1's l1: 0.445802
[1000]	training's l1: 0.067886	valid_1's l1: 0.420577
[1500]	training's l1: 0.0303659	valid_1's l1: 0.416238
[2000]	training's l1: 0.0163942	valid_1's l1: 0.41503
[2500]	training's l1: 0.0110304	valid_1's l1: 0.414554
[3000]	training's l1: 0.00873352	valid_1's l1: 0.414374
[3500]	training's l1: 0.00749611	valid_1's l1: 0.414258
[4000]	training's l1: 0.0067266	valid_1's l1: 0.4142
Did not meet early stopping. Best iteration is:
[4000]	training's l1: 0.0067266	valid_1's l1: 0.4142
Fold 3 started at Sat Aug  3 05:32:51 2019
[LightGBM] [Warning] feature_fraction is set=0.6, colsample_bytree=1.0 will be ignored. Current value: feature_fraction=0.6
[LightGBM] [Warning] lambda_l2 is set=0.2, reg_lambda=0.0 will be ignored. Current value: lambda_l2=0.2
[LightGBM] [Warning] lambda_l1 is set=0.8, reg_alpha=0.0 will be ignored. Current value: lambda_l1=0.8
Training until validation scores don't improve for 200 rounds.
[500]	training's l1: 0.204147	valid_1's l1: 0.454277
[1000]	training's l1: 0.0684391	valid_1's l1: 0.426188
[1500]	training's l1: 0.0295364	valid_1's l1: 0.422277
[2000]	training's l1: 0.0153014	valid_1's l1: 0.421207
[2500]	training's l1: 0.0105862	valid_1's l1: 0.420859
[3000]	training's l1: 0.00840895	valid_1's l1: 0.420731
[3500]	training's l1: 0.00718455	valid_1's l1: 0.420653
[4000]	training's l1: 0.00638346	valid_1's l1: 0.420594
Did not meet early stopping. Best iteration is:
[4000]	training's l1: 0.00638346	valid_1's l1: 0.420594
CV mean score: -0.8688, std: 0.0094.
Training of type 2JHN
Fold 1 started at Sat Aug  3 05:33:52 2019
[LightGBM] [Warning] feature_fraction is set=0.6, colsample_bytree=1.0 will be ignored. Current value: feature_fraction=0.6
[LightGBM] [Warning] lambda_l2 is set=0.2, reg_lambda=0.0 will be ignored. Current value: lambda_l2=0.2
[LightGBM] [Warning] lambda_l1 is set=0.8, reg_alpha=0.0 will be ignored. Current value: lambda_l1=0.8
Training until validation scores don't improve for 200 rounds.
[500]	training's l1: 0.146575	valid_1's l1: 0.257209
[1000]	training's l1: 0.0772828	valid_1's l1: 0.239919
[1500]	training's l1: 0.0451589	valid_1's l1: 0.235579
[2000]	training's l1: 0.0284241	valid_1's l1: 0.233689
[2500]	training's l1: 0.0194461	valid_1's l1: 0.232887
[3000]	training's l1: 0.0144773	valid_1's l1: 0.232472
[3500]	training's l1: 0.0115074	valid_1's l1: 0.232248
[4000]	training's l1: 0.0095823	valid_1's l1: 0.23212
Did not meet early stopping. Best iteration is:
[4000]	training's l1: 0.0095823	valid_1's l1: 0.23212
Fold 2 started at Sat Aug  3 05:35:54 2019
[LightGBM] [Warning] feature_fraction is set=0.6, colsample_bytree=1.0 will be ignored. Current value: feature_fraction=0.6
[LightGBM] [Warning] lambda_l2 is set=0.2, reg_lambda=0.0 will be ignored. Current value: lambda_l2=0.2
[LightGBM] [Warning] lambda_l1 is set=0.8, reg_alpha=0.0 will be ignored. Current value: lambda_l1=0.8
Training until validation scores don't improve for 200 rounds.
[500]	training's l1: 0.145775	valid_1's l1: 0.256838
[1000]	training's l1: 0.076156	valid_1's l1: 0.241098
[1500]	training's l1: 0.0442084	valid_1's l1: 0.23657
[2000]	training's l1: 0.0282852	valid_1's l1: 0.23482
[2500]	training's l1: 0.0196463	valid_1's l1: 0.234089
[3000]	training's l1: 0.0147547	valid_1's l1: 0.233711
[3500]	training's l1: 0.0116013	valid_1's l1: 0.233442
[4000]	training's l1: 0.00961725	valid_1's l1: 0.233316
Did not meet early stopping. Best iteration is:
[4000]	training's l1: 0.00961725	valid_1's l1: 0.233316
Fold 3 started at Sat Aug  3 05:37:54 2019
[LightGBM] [Warning] feature_fraction is set=0.6, colsample_bytree=1.0 will be ignored. Current value: feature_fraction=0.6
[LightGBM] [Warning] lambda_l2 is set=0.2, reg_lambda=0.0 will be ignored. Current value: lambda_l2=0.2
[LightGBM] [Warning] lambda_l1 is set=0.8, reg_alpha=0.0 will be ignored. Current value: lambda_l1=0.8
Training until validation scores don't improve for 200 rounds.
[500]	training's l1: 0.147404	valid_1's l1: 0.259051
[1000]	training's l1: 0.0779334	valid_1's l1: 0.242038
[1500]	training's l1: 0.0450777	valid_1's l1: 0.237759
[2000]	training's l1: 0.0285635	valid_1's l1: 0.236007
[2500]	training's l1: 0.0196807	valid_1's l1: 0.235228
[3000]	training's l1: 0.0145357	valid_1's l1: 0.234823
[3500]	training's l1: 0.0114609	valid_1's l1: 0.234609
[4000]	training's l1: 0.00951201	valid_1's l1: 0.23447
Did not meet early stopping. Best iteration is:
[4000]	training's l1: 0.00951201	valid_1's l1: 0.23447
CV mean score: -1.4554, std: 0.0041.
Training of type 2JHC
Fold 1 started at Sat Aug  3 05:40:12 2019
[LightGBM] [Warning] feature_fraction is set=0.6, colsample_bytree=1.0 will be ignored. Current value: feature_fraction=0.6
[LightGBM] [Warning] lambda_l2 is set=0.2, reg_lambda=0.0 will be ignored. Current value: lambda_l2=0.2
[LightGBM] [Warning] lambda_l1 is set=0.8, reg_alpha=0.0 will be ignored. Current value: lambda_l1=0.8
Training until validation scores don't improve for 200 rounds.
[500]	training's l1: 0.505488	valid_1's l1: 0.543622
[1000]	training's l1: 0.358262	valid_1's l1: 0.440932
[1500]	training's l1: 0.284591	valid_1's l1: 0.402449
[2000]	training's l1: 0.234937	valid_1's l1: 0.381804
[2500]	training's l1: 0.198123	valid_1's l1: 0.369243
[3000]	training's l1: 0.168958	valid_1's l1: 0.361164
[3500]	training's l1: 0.145315	valid_1's l1: 0.35573
[4000]	training's l1: 0.125608	valid_1's l1: 0.351787
[4500]	training's l1: 0.109351	valid_1's l1: 0.34889
[5000]	training's l1: 0.0954144	valid_1's l1: 0.346489
Did not meet early stopping. Best iteration is:
[5000]	training's l1: 0.0954144	valid_1's l1: 0.346489
Fold 2 started at Sat Aug  3 05:55:58 2019
[LightGBM] [Warning] feature_fraction is set=0.6, colsample_bytree=1.0 will be ignored. Current value: feature_fraction=0.6
[LightGBM] [Warning] lambda_l2 is set=0.2, reg_lambda=0.0 will be ignored. Current value: lambda_l2=0.2
[LightGBM] [Warning] lambda_l1 is set=0.8, reg_alpha=0.0 will be ignored. Current value: lambda_l1=0.8
Training until validation scores don't improve for 200 rounds.
[500]	training's l1: 0.502114	valid_1's l1: 0.541746
[1000]	training's l1: 0.356649	valid_1's l1: 0.441348
[1500]	training's l1: 0.283455	valid_1's l1: 0.403679
[2000]	training's l1: 0.234331	valid_1's l1: 0.383619
[2500]	training's l1: 0.197193	valid_1's l1: 0.37097
[3000]	training's l1: 0.168666	valid_1's l1: 0.36352
[3500]	training's l1: 0.145291	valid_1's l1: 0.35813
[4000]	training's l1: 0.125823	valid_1's l1: 0.354025
[4500]	training's l1: 0.109588	valid_1's l1: 0.351089
[5000]	training's l1: 0.0954212	valid_1's l1: 0.348758
Did not meet early stopping. Best iteration is:
[5000]	training's l1: 0.0954212	valid_1's l1: 0.348758
Fold 3 started at Sat Aug  3 06:13:15 2019
[LightGBM] [Warning] feature_fraction is set=0.6, colsample_bytree=1.0 will be ignored. Current value: feature_fraction=0.6
[LightGBM] [Warning] lambda_l2 is set=0.2, reg_lambda=0.0 will be ignored. Current value: lambda_l2=0.2
[LightGBM] [Warning] lambda_l1 is set=0.8, reg_alpha=0.0 will be ignored. Current value: lambda_l1=0.8
Training until validation scores don't improve for 200 rounds.
[500]	training's l1: 0.50286	valid_1's l1: 0.541279
[1000]	training's l1: 0.354713	valid_1's l1: 0.439084
[1500]	training's l1: 0.283542	valid_1's l1: 0.402454
[2000]	training's l1: 0.235172	valid_1's l1: 0.382919
[2500]	training's l1: 0.198505	valid_1's l1: 0.370378
[3000]	training's l1: 0.169523	valid_1's l1: 0.362316
[3500]	training's l1: 0.145949	valid_1's l1: 0.356429
[4000]	training's l1: 0.126253	valid_1's l1: 0.352575
[4500]	training's l1: 0.109891	valid_1's l1: 0.349667
[5000]	training's l1: 0.096142	valid_1's l1: 0.347432
Did not meet early stopping. Best iteration is:
[5000]	training's l1: 0.096142	valid_1's l1: 0.347432
CV mean score: -1.0568, std: 0.0027.
Training of type 3JHH
Fold 1 started at Sat Aug  3 06:29:14 2019
[LightGBM] [Warning] feature_fraction is set=0.6, colsample_bytree=1.0 will be ignored. Current value: feature_fraction=0.6
[LightGBM] [Warning] lambda_l2 is set=0.2, reg_lambda=0.0 will be ignored. Current value: lambda_l2=0.2
[LightGBM] [Warning] lambda_l1 is set=0.8, reg_alpha=0.0 will be ignored. Current value: lambda_l1=0.8
Training until validation scores don't improve for 200 rounds.
[500]	training's l1: 0.187813	valid_1's l1: 0.242175
[1000]	training's l1: 0.127506	valid_1's l1: 0.217474
[1500]	training's l1: 0.0927917	valid_1's l1: 0.208074
[2000]	training's l1: 0.0698546	valid_1's l1: 0.203581
[2500]	training's l1: 0.0536215	valid_1's l1: 0.200922
[3000]	training's l1: 0.0420736	valid_1's l1: 0.199425
[3500]	training's l1: 0.033532	valid_1's l1: 0.198388
[4000]	training's l1: 0.0272627	valid_1's l1: 0.197689
Did not meet early stopping. Best iteration is:
[4000]	training's l1: 0.0272627	valid_1's l1: 0.197689
Fold 2 started at Sat Aug  3 06:37:44 2019
[LightGBM] [Warning] feature_fraction is set=0.6, colsample_bytree=1.0 will be ignored. Current value: feature_fraction=0.6
[LightGBM] [Warning] lambda_l2 is set=0.2, reg_lambda=0.0 will be ignored. Current value: lambda_l2=0.2
[LightGBM] [Warning] lambda_l1 is set=0.8, reg_alpha=0.0 will be ignored. Current value: lambda_l1=0.8
Training until validation scores don't improve for 200 rounds.
[500]	training's l1: 0.184785	valid_1's l1: 0.243067
[1000]	training's l1: 0.126474	valid_1's l1: 0.219351
[1500]	training's l1: 0.0926616	valid_1's l1: 0.210394
[2000]	training's l1: 0.0698602	valid_1's l1: 0.205721
[2500]	training's l1: 0.0536214	valid_1's l1: 0.20307
[3000]	training's l1: 0.0420668	valid_1's l1: 0.201524
[3500]	training's l1: 0.0335167	valid_1's l1: 0.200444
[4000]	training's l1: 0.0272417	valid_1's l1: 0.199775
Did not meet early stopping. Best iteration is:
[4000]	training's l1: 0.0272417	valid_1's l1: 0.199775
Fold 3 started at Sat Aug  3 06:46:09 2019
[LightGBM] [Warning] feature_fraction is set=0.6, colsample_bytree=1.0 will be ignored. Current value: feature_fraction=0.6
[LightGBM] [Warning] lambda_l2 is set=0.2, reg_lambda=0.0 will be ignored. Current value: lambda_l2=0.2
[LightGBM] [Warning] lambda_l1 is set=0.8, reg_alpha=0.0 will be ignored. Current value: lambda_l1=0.8
Training until validation scores don't improve for 200 rounds.
[500]	training's l1: 0.186723	valid_1's l1: 0.242201
[1000]	training's l1: 0.127162	valid_1's l1: 0.218693
[1500]	training's l1: 0.0931484	valid_1's l1: 0.209551
[2000]	training's l1: 0.0702457	valid_1's l1: 0.205041
[2500]	training's l1: 0.0539888	valid_1's l1: 0.202437
[3000]	training's l1: 0.04221	valid_1's l1: 0.200771
[3500]	training's l1: 0.0336933	valid_1's l1: 0.199707
[4000]	training's l1: 0.0273308	valid_1's l1: 0.199019
Did not meet early stopping. Best iteration is:
[4000]	training's l1: 0.0273308	valid_1's l1: 0.199019
CV mean score: -1.6153, std: 0.0043.
Training of type 3JHC
Fold 1 started at Sat Aug  3 06:55:28 2019
[LightGBM] [Warning] feature_fraction is set=0.6, colsample_bytree=1.0 will be ignored. Current value: feature_fraction=0.6
[LightGBM] [Warning] lambda_l2 is set=0.2, reg_lambda=0.0 will be ignored. Current value: lambda_l2=0.2
[LightGBM] [Warning] lambda_l1 is set=0.8, reg_alpha=0.0 will be ignored. Current value: lambda_l1=0.8
Training until validation scores don't improve for 200 rounds.
[500]	training's l1: 0.54578	valid_1's l1: 0.574123
[1000]	training's l1: 0.450601	valid_1's l1: 0.501725
[1500]	training's l1: 0.393485	valid_1's l1: 0.464559
[2000]	training's l1: 0.351658	valid_1's l1: 0.441
[2500]	training's l1: 0.318302	valid_1's l1: 0.424327
[3000]	training's l1: 0.291313	valid_1's l1: 0.412877
[3500]	training's l1: 0.268239	valid_1's l1: 0.403758
[4000]	training's l1: 0.247835	valid_1's l1: 0.396348
[4500]	training's l1: 0.229507	valid_1's l1: 0.389978
[5000]	training's l1: 0.213394	valid_1's l1: 0.385049
[5500]	training's l1: 0.198923	valid_1's l1: 0.380726
[6000]	training's l1: 0.185652	valid_1's l1: 0.377058
[6500]	training's l1: 0.173634	valid_1's l1: 0.374145
[7000]	training's l1: 0.1626	valid_1's l1: 0.371458
Did not meet early stopping. Best iteration is:
[7000]	training's l1: 0.1626	valid_1's l1: 0.371458
Fold 2 started at Sat Aug  3 07:18:35 2019
[LightGBM] [Warning] feature_fraction is set=0.6, colsample_bytree=1.0 will be ignored. Current value: feature_fraction=0.6
[LightGBM] [Warning] lambda_l2 is set=0.2, reg_lambda=0.0 will be ignored. Current value: lambda_l2=0.2
[LightGBM] [Warning] lambda_l1 is set=0.8, reg_alpha=0.0 will be ignored. Current value: lambda_l1=0.8
Training until validation scores don't improve for 200 rounds.
[500]	training's l1: 0.545406	valid_1's l1: 0.572524
[1000]	training's l1: 0.448365	valid_1's l1: 0.498388
[1500]	training's l1: 0.39104	valid_1's l1: 0.460997
[2000]	training's l1: 0.350317	valid_1's l1: 0.438497
[2500]	training's l1: 0.317094	valid_1's l1: 0.421815
[3000]	training's l1: 0.290344	valid_1's l1: 0.41006
[3500]	training's l1: 0.266651	valid_1's l1: 0.400554
[4000]	training's l1: 0.246426	valid_1's l1: 0.393221
[4500]	training's l1: 0.228436	valid_1's l1: 0.387111
[5000]	training's l1: 0.21254	valid_1's l1: 0.382242
[5500]	training's l1: 0.197923	valid_1's l1: 0.377827
[6000]	training's l1: 0.184969	valid_1's l1: 0.37466
[6500]	training's l1: 0.172982	valid_1's l1: 0.371649
[7000]	training's l1: 0.162108	valid_1's l1: 0.369031
Did not meet early stopping. Best iteration is:
[7000]	training's l1: 0.162108	valid_1's l1: 0.369031
Fold 3 started at Sat Aug  3 07:41:43 2019
[LightGBM] [Warning] feature_fraction is set=0.6, colsample_bytree=1.0 will be ignored. Current value: feature_fraction=0.6
[LightGBM] [Warning] lambda_l2 is set=0.2, reg_lambda=0.0 will be ignored. Current value: lambda_l2=0.2
[LightGBM] [Warning] lambda_l1 is set=0.8, reg_alpha=0.0 will be ignored. Current value: lambda_l1=0.8
Training until validation scores don't improve for 200 rounds.
[500]	training's l1: 0.547432	valid_1's l1: 0.574543
[1000]	training's l1: 0.449709	valid_1's l1: 0.500494
[1500]	training's l1: 0.391794	valid_1's l1: 0.462884
[2000]	training's l1: 0.35065	valid_1's l1: 0.439611
[2500]	training's l1: 0.317529	valid_1's l1: 0.423401
[3000]	training's l1: 0.289667	valid_1's l1: 0.410813
[3500]	training's l1: 0.266415	valid_1's l1: 0.401895
[4000]	training's l1: 0.246162	valid_1's l1: 0.394643
[4500]	training's l1: 0.22833	valid_1's l1: 0.388532
[5000]	training's l1: 0.212215	valid_1's l1: 0.383544
[5500]	training's l1: 0.197735	valid_1's l1: 0.379219
[6000]	training's l1: 0.184834	valid_1's l1: 0.375573
[6500]	training's l1: 0.172831	valid_1's l1: 0.372444
[7000]	training's l1: 0.161815	valid_1's l1: 0.369661
Did not meet early stopping. Best iteration is:
[7000]	training's l1: 0.161815	valid_1's l1: 0.369661
CV mean score: -0.9941, std: 0.0028.
Training of type 3JHN
Fold 1 started at Sat Aug  3 08:05:29 2019
[LightGBM] [Warning] feature_fraction is set=0.6, colsample_bytree=1.0 will be ignored. Current value: feature_fraction=0.6
[LightGBM] [Warning] lambda_l2 is set=0.2, reg_lambda=0.0 will be ignored. Current value: lambda_l2=0.2
[LightGBM] [Warning] lambda_l1 is set=0.8, reg_alpha=0.0 will be ignored. Current value: lambda_l1=0.8
Training until validation scores don't improve for 200 rounds.
[500]	training's l1: 0.109163	valid_1's l1: 0.178537
[1000]	training's l1: 0.0642388	valid_1's l1: 0.167633
[1500]	training's l1: 0.0409599	valid_1's l1: 0.163684
[2000]	training's l1: 0.0279288	valid_1's l1: 0.162005
[2500]	training's l1: 0.020303	valid_1's l1: 0.161112
[3000]	training's l1: 0.0156184	valid_1's l1: 0.160645
[3500]	training's l1: 0.0125536	valid_1's l1: 0.160347
[4000]	training's l1: 0.0104709	valid_1's l1: 0.16016
Did not meet early stopping. Best iteration is:
[4000]	training's l1: 0.0104709	valid_1's l1: 0.16016
Fold 2 started at Sat Aug  3 08:08:09 2019
[LightGBM] [Warning] feature_fraction is set=0.6, colsample_bytree=1.0 will be ignored. Current value: feature_fraction=0.6
[LightGBM] [Warning] lambda_l2 is set=0.2, reg_lambda=0.0 will be ignored. Current value: lambda_l2=0.2
[LightGBM] [Warning] lambda_l1 is set=0.8, reg_alpha=0.0 will be ignored. Current value: lambda_l1=0.8
Training until validation scores don't improve for 200 rounds.
[500]	training's l1: 0.108031	valid_1's l1: 0.17737
[1000]	training's l1: 0.0632955	valid_1's l1: 0.166277
[1500]	training's l1: 0.0404214	valid_1's l1: 0.162514
[2000]	training's l1: 0.0276624	valid_1's l1: 0.160725
[2500]	training's l1: 0.0202118	valid_1's l1: 0.159932
[3000]	training's l1: 0.0155346	valid_1's l1: 0.159473
[3500]	training's l1: 0.0125319	valid_1's l1: 0.159191
[4000]	training's l1: 0.010484	valid_1's l1: 0.15898
Did not meet early stopping. Best iteration is:
[4000]	training's l1: 0.010484	valid_1's l1: 0.15898
Fold 3 started at Sat Aug  3 08:10:42 2019
[LightGBM] [Warning] feature_fraction is set=0.6, colsample_bytree=1.0 will be ignored. Current value: feature_fraction=0.6
[LightGBM] [Warning] lambda_l2 is set=0.2, reg_lambda=0.0 will be ignored. Current value: lambda_l2=0.2
[LightGBM] [Warning] lambda_l1 is set=0.8, reg_alpha=0.0 will be ignored. Current value: lambda_l1=0.8
Training until validation scores don't improve for 200 rounds.
[500]	training's l1: 0.109298	valid_1's l1: 0.180107
[1000]	training's l1: 0.0641386	valid_1's l1: 0.168452
[1500]	training's l1: 0.041132	valid_1's l1: 0.1642
[2000]	training's l1: 0.028011	valid_1's l1: 0.162464
[2500]	training's l1: 0.0203963	valid_1's l1: 0.161587
[3000]	training's l1: 0.0156762	valid_1's l1: 0.161091
[3500]	training's l1: 0.0125912	valid_1's l1: 0.16081
[4000]	training's l1: 0.010505	valid_1's l1: 0.160621
Did not meet early stopping. Best iteration is:
[4000]	training's l1: 0.010505	valid_1's l1: 0.160621
CV mean score: -1.8331, std: 0.0043.
Traceback (most recent call last):
  File "bin/train_models.py", line 126, in <module>
    subprocess.call(["exit"])
  File "/usr/lib/python3.6/subprocess.py", line 287, in call
    with Popen(*popenargs, **kwargs) as p:
  File "/usr/lib/python3.6/subprocess.py", line 729, in __init__
    restore_signals, start_new_session)
  File "/usr/lib/python3.6/subprocess.py", line 1364, in _execute_child
    raise child_exception_type(errno_num, err_msg, err_filename)
FileNotFoundError: [Errno 2] No such file or directory: 'exit': 'exit'

If you suspect this is an IPython bug, please report it at:
    https://github.com/ipython/ipython/issues
or send an email to the mailing list at ipython-dev@python.org

You can print a more detailed traceback right now with "%tb", or use "%debug"
to interactively debug it.

Extra-detailed tracebacks for bug-reporting purposes can be enabled via:
    %config Application.verbose_crash=True

shuki_goto@tabular2:~/CHAMPS/CHAMPS$ [Kshuki_goto@tabular2:~/CHAMPS/CHAMPS$ exit
exit

Script done on Sat 03 Aug 2019 05:03:12 PM UTC
